ERROR [main] 2012-10-27 22:23:20,731 ServiceDaemon.java (line 32) Exception encountered during startup.
org.apache.thrift.transport.TTransportException: Cannot write to null outputStream
	at org.apache.thrift.transport.TIOStreamTransport.write(Unknown Source)
	at org.apache.thrift.transport.TFramedTransport.flush(Unknown Source)
	at org.apache.thrift.TServiceClient.sendBase(Unknown Source)
	at frontend.MiddlewareFrontend$Client.send_getTopTags(MiddlewareFrontend.java:643)
	at frontend.MiddlewareFrontend$Client.getTopTags(MiddlewareFrontend.java:635)
	at frontend.MiddlewareHandler.startLocalCache(MiddlewareHandler.java:32)
	at httpservice.WebServer.start(WebServer.java:100)
	at httpservice.ServiceDaemon.main(ServiceDaemon.java:28)
ERROR [main] 2012-10-27 22:23:20,734 ServiceDaemon.java (line 36) Uncaught exception: Cannot write to null outputStream
ERROR [main] 2012-10-27 22:26:07,757 ServiceDaemon.java (line 32) Exception encountered during startup.
java.lang.IllegalArgumentException: n must be positive
	at java.util.Random.nextInt(Random.java:300)
	at frontend.MyLocalCache.getRandomIndex(MyLocalCache.java:215)
	at frontend.MyLocalCache.cacheItemsClient(MyLocalCache.java:139)
	at frontend.MyLocalCache.startMyLocalCache(MyLocalCache.java:80)
	at frontend.MiddlewareHandler.startLocalCache(MiddlewareHandler.java:38)
	at httpservice.WebServer.start(WebServer.java:100)
	at httpservice.ServiceDaemon.main(ServiceDaemon.java:28)
ERROR [main] 2012-10-27 22:26:07,760 ServiceDaemon.java (line 36) Uncaught exception: n must be positive
 INFO [main] 2012-10-27 22:27:55,040 Server.java (line 263) jetty-8.1.5.v20120716
 INFO [main] 2012-10-27 22:27:55,153 AbstractConnector.java (line 333) Started SelectChannelConnector@0.0.0.0:80
ERROR [qtp1911088241-25] 2012-10-27 22:28:04,043 IndexControllerServlet.java (line 64) 
 WARN [qtp1911088241-25] 2012-10-27 22:28:04,045 HttpGenerator.java (line 175) Ignoring extra content Error exception: null
 WARN [qtp1911088241-18] 2012-10-27 22:28:06,299 HttpGenerator.java (line 175) Ignoring extra content <html xmlns="http://www.w3.org/1999/xhtml">
    <head>
        <title id="title" ></title>
        <meta http-equiv="Content-Type" content="text/html; charset=utf-8">
            <link href="http://localhost:81/static/lzmain-style.css" media="screen" rel="stylesheet" type="text/css">
                <link href="http://localhost:81/static/lztab-menu-css.css" media="screen" rel="stylesheet" type="text/css">
                    <link href="http://localhost:81/static/jquery.mCustomScrollbar.css" rel="styl
 WARN [qtp1911088241-19] 2012-10-27 22:28:06,310 HttpGenerator.java (line 175) Ignoring extra content <html xmlns="http://www.w3.org/1999/xhtml">
    <head>
        <title id="title" ></title>
        <meta http-equiv="Content-Type" content="text/html; charset=utf-8">
            <link href="http://localhost:81/static/lzmain-style.css" media="screen" rel="stylesheet" type="text/css">
                <link href="http://localhost:81/static/lztab-menu-css.css" media="screen" rel="stylesheet" type="text/css">
                    <link href="http://localhost:81/static/jquery.mCustomScrollbar.css" rel="styl
